<?xml version="1.0" encoding="UTF-8"?>
<testsuite name="LeapYearTest" tests="1" skipped="0" failures="0" errors="0" timestamp="2017-08-02T07:31:45" hostname="dennis292" time="0.002">
  <properties/>
  <testcase name="isLeapYear_forDivisibleByFour_true" classname="LeapYearTest" time="0.002"/>
  <system-out><![CDATA[]]></system-out>
  <system-err><![CDATA[]]></system-err>
</testsuite>
