<?xml version="1.0" encoding="UTF-8"?>
<testsuite name="LeapYearTest" tests="3" skipped="0" failures="0" errors="0" timestamp="2017-08-02T07:51:58" hostname="dennis292" time="0.011">
  <properties/>
  <testcase name="isLeapYear_forDivisibleByFour_true" classname="LeapYearTest" time="0.008"/>
  <testcase name="isLeapYear_forDivisibleByFourHundred_true" classname="LeapYearTest" time="0.0"/>
  <testcase name="isLeapYear_forDivisibleByHundred_true" classname="LeapYearTest" time="0.001"/>
  <system-out><![CDATA[]]></system-out>
  <system-err><![CDATA[]]></system-err>
</testsuite>
