<?xml version="1.0" encoding="UTF-8"?>
<testsuite name="LeapYearTest" tests="2" skipped="0" failures="0" errors="0" timestamp="2017-08-02T07:47:29" hostname="dennis292" time="0.003">
  <properties/>
  <testcase name="isLeapYear_forDivisibleByFour_true" classname="LeapYearTest" time="0.002"/>
  <testcase name="isLeapYear_forDivisibleByHundred_true" classname="LeapYearTest" time="0.0"/>
  <system-out><![CDATA[]]></system-out>
  <system-err><![CDATA[]]></system-err>
</testsuite>
